<?xml version="1.0" encoding="UTF-8"?>
<testsuites name="Mocha Tests" time="0.0000" tests="3" failures="3">
  <testsuite name="Root Suite" timestamp="2022-04-11T11:05:59" tests="0" file="cypress/integration/jazzFusionFilterAssertion.spec.js" time="0.0000" failures="0">
  </testsuite>
  <testsuite name="Jazz Fusion genre filter" timestamp="2022-04-11T11:05:59" tests="1" time="0.0000" failures="1">
    <testcase name="Jazz Fusion genre filter navigate to charts and filter by Jazz Fusion and all time best music" time="0.0000" classname="navigate to charts and filter by Jazz Fusion and all time best music">
      <failure message="`cy.visit()` failed trying to load:

https://rateyourmusic.com/

The response we received from your web server was:

  &gt; 503: Service Unavailable

This was considered a failure because the status code was not `2xx`.

If you do not want status codes to cause failures pass the option: `failOnStatusCode: false`" type="CypressError"><![CDATA[CypressError: `cy.visit()` failed trying to load:

https://rateyourmusic.com/

The response we received from your web server was:

  > 503: Service Unavailable

This was considered a failure because the status code was not `2xx`.

If you do not want status codes to cause failures pass the option: `failOnStatusCode: false`
    at http://localhost:57512/__cypress/runner/cypress_runner.js:159302:84
    at visitFailedByErr (http://localhost:57512/__cypress/runner/cypress_runner.js:158668:12)
    at http://localhost:57512/__cypress/runner/cypress_runner.js:159282:13
    at tryCatcher (http://localhost:57512/__cypress/runner/cypress_runner.js:13022:23)
    at Promise._settlePromiseFromHandler (http://localhost:57512/__cypress/runner/cypress_runner.js:10957:31)
    at Promise._settlePromise (http://localhost:57512/__cypress/runner/cypress_runner.js:11014:18)
    at Promise._settlePromise0 (http://localhost:57512/__cypress/runner/cypress_runner.js:11059:10)
    at Promise._settlePromises (http://localhost:57512/__cypress/runner/cypress_runner.js:11135:18)
    at _drainQueueStep (http://localhost:57512/__cypress/runner/cypress_runner.js:7729:12)
    at _drainQueue (http://localhost:57512/__cypress/runner/cypress_runner.js:7722:9)
    at Async.../../node_modules/bluebird/js/release/async.js.Async._drainQueues (http://localhost:57512/__cypress/runner/cypress_runner.js:7738:5)
    at Async.drainQueues (http://localhost:57512/__cypress/runner/cypress_runner.js:7608:14)
From Your Spec Code:
    at Context.eval (http://localhost:57512/__cypress/tests?p=cypress\support\index.js:102:6)]]></failure>
    </testcase>
  </testsuite>
  <testsuite name="Jazz Fusion genre filter" timestamp="2022-04-11T11:06:00" tests="1" time="0.0000" failures="1">
    <testcase name="Jazz Fusion genre filter navigate to charts and filter by Jazz Fusion and all time best music" time="0.0000" classname="navigate to charts and filter by Jazz Fusion and all time best music">
      <failure message="`cy.visit()` failed trying to load:

https://rateyourmusic.com/

The response we received from your web server was:

  &gt; 503: Service Unavailable

This was considered a failure because the status code was not `2xx`.

If you do not want status codes to cause failures pass the option: `failOnStatusCode: false`" type="CypressError"><![CDATA[CypressError: `cy.visit()` failed trying to load:

https://rateyourmusic.com/

The response we received from your web server was:

  > 503: Service Unavailable

This was considered a failure because the status code was not `2xx`.

If you do not want status codes to cause failures pass the option: `failOnStatusCode: false`
    at http://localhost:57512/__cypress/runner/cypress_runner.js:159302:84
    at visitFailedByErr (http://localhost:57512/__cypress/runner/cypress_runner.js:158668:12)
    at http://localhost:57512/__cypress/runner/cypress_runner.js:159282:13
    at tryCatcher (http://localhost:57512/__cypress/runner/cypress_runner.js:13022:23)
    at Promise._settlePromiseFromHandler (http://localhost:57512/__cypress/runner/cypress_runner.js:10957:31)
    at Promise._settlePromise (http://localhost:57512/__cypress/runner/cypress_runner.js:11014:18)
    at Promise._settlePromise0 (http://localhost:57512/__cypress/runner/cypress_runner.js:11059:10)
    at Promise._settlePromises (http://localhost:57512/__cypress/runner/cypress_runner.js:11135:18)
    at _drainQueueStep (http://localhost:57512/__cypress/runner/cypress_runner.js:7729:12)
    at _drainQueue (http://localhost:57512/__cypress/runner/cypress_runner.js:7722:9)
    at Async.../../node_modules/bluebird/js/release/async.js.Async._drainQueues (http://localhost:57512/__cypress/runner/cypress_runner.js:7738:5)
    at Async.drainQueues (http://localhost:57512/__cypress/runner/cypress_runner.js:7608:14)
From Your Spec Code:
    at Context.eval (http://localhost:57512/__cypress/tests?p=cypress\support\index.js:102:6)]]></failure>
    </testcase>
  </testsuite>
  <testsuite name="Jazz Fusion genre filter" timestamp="2022-04-11T11:06:00" tests="1" time="0.0000" failures="1">
    <testcase name="Jazz Fusion genre filter navigate to charts and filter by Jazz Fusion and all time best music" time="0.0000" classname="navigate to charts and filter by Jazz Fusion and all time best music">
      <failure message="`cy.visit()` failed trying to load:

https://rateyourmusic.com/

The response we received from your web server was:

  &gt; 503: Service Unavailable

This was considered a failure because the status code was not `2xx`.

If you do not want status codes to cause failures pass the option: `failOnStatusCode: false`" type="CypressError"><![CDATA[CypressError: `cy.visit()` failed trying to load:

https://rateyourmusic.com/

The response we received from your web server was:

  > 503: Service Unavailable

This was considered a failure because the status code was not `2xx`.

If you do not want status codes to cause failures pass the option: `failOnStatusCode: false`
    at http://localhost:57512/__cypress/runner/cypress_runner.js:159302:84
    at visitFailedByErr (http://localhost:57512/__cypress/runner/cypress_runner.js:158668:12)
    at http://localhost:57512/__cypress/runner/cypress_runner.js:159282:13
    at tryCatcher (http://localhost:57512/__cypress/runner/cypress_runner.js:13022:23)
    at Promise._settlePromiseFromHandler (http://localhost:57512/__cypress/runner/cypress_runner.js:10957:31)
    at Promise._settlePromise (http://localhost:57512/__cypress/runner/cypress_runner.js:11014:18)
    at Promise._settlePromise0 (http://localhost:57512/__cypress/runner/cypress_runner.js:11059:10)
    at Promise._settlePromises (http://localhost:57512/__cypress/runner/cypress_runner.js:11135:18)
    at _drainQueueStep (http://localhost:57512/__cypress/runner/cypress_runner.js:7729:12)
    at _drainQueue (http://localhost:57512/__cypress/runner/cypress_runner.js:7722:9)
    at Async.../../node_modules/bluebird/js/release/async.js.Async._drainQueues (http://localhost:57512/__cypress/runner/cypress_runner.js:7738:5)
    at Async.drainQueues (http://localhost:57512/__cypress/runner/cypress_runner.js:7608:14)
From Your Spec Code:
    at Context.eval (http://localhost:57512/__cypress/tests?p=cypress\support\index.js:102:6)]]></failure>
    </testcase>
  </testsuite>
</testsuites>